<?xml version="1.0" encoding="UTF-8"?>
<testsuite xmlns:xsi="http://www.w3.org/2001/XMLSchema-instance" xsi:noNamespaceSchemaLocation="https://maven.apache.org/surefire/maven-surefire-plugin/xsd/surefire-test-report.xsd" name="com.maxwell.app.AppTest" time="0.015" tests="1" errors="0" skipped="0" failures="0">
  <properties>
    <property name="java.specification.version" value="17"/>
    <property name="sun.jnu.encoding" value="UTF-8"/>
    <property name="java.class.path" value="/home/max/Dev/Scraping_demos/Jetty_demo/target/test-classes:/home/max/Dev/Scraping_demos/Jetty_demo/target/classes:/home/max/.m2/repository/junit/junit/4.11/junit-4.11.jar:/home/max/.m2/repository/org/hamcrest/hamcrest-core/1.3/hamcrest-core-1.3.jar:/home/max/.m2/repository/org/jsoup/jsoup/1.14.3/jsoup-1.14.3.jar:/home/max/.m2/repository/org/eclipse/jetty/jetty-client/11.0.4/jetty-client-11.0.4.jar:/home/max/.m2/repository/org/eclipse/jetty/jetty-http/11.0.4/jetty-http-11.0.4.jar:/home/max/.m2/repository/org/eclipse/jetty/jetty-util/11.0.4/jetty-util-11.0.4.jar:/home/max/.m2/repository/org/eclipse/jetty/jetty-io/11.0.4/jetty-io-11.0.4.jar:/home/max/.m2/repository/org/eclipse/jetty/jetty-alpn-client/11.0.4/jetty-alpn-client-11.0.4.jar:/home/max/.m2/repository/org/slf4j/slf4j-api/2.0.0-alpha1/slf4j-api-2.0.0-alpha1.jar:"/>
    <property name="java.vm.vendor" value="Oracle Corporation"/>
    <property name="sun.arch.data.model" value="64"/>
    <property name="java.vendor.url" value="https://java.oracle.com/"/>
    <property name="os.name" value="Linux"/>
    <property name="java.vm.specification.version" value="17"/>
    <property name="sun.java.launcher" value="SUN_STANDARD"/>
    <property name="user.country" value="US"/>
    <property name="sun.boot.library.path" value="/home/max/.sdkman/candidates/java/17.0.2-open/lib"/>
    <property name="sun.java.command" value="/home/max/Dev/Scraping_demos/Jetty_demo/target/surefire/surefirebooter13259916978565533810.jar /home/max/Dev/Scraping_demos/Jetty_demo/target/surefire 2022-02-05T23-38-03_050-jvmRun1 surefire5834225991514173323tmp surefire_08410438357781206485tmp"/>
    <property name="jdk.debug" value="release"/>
    <property name="surefire.test.class.path" value="/home/max/Dev/Scraping_demos/Jetty_demo/target/test-classes:/home/max/Dev/Scraping_demos/Jetty_demo/target/classes:/home/max/.m2/repository/junit/junit/4.11/junit-4.11.jar:/home/max/.m2/repository/org/hamcrest/hamcrest-core/1.3/hamcrest-core-1.3.jar:/home/max/.m2/repository/org/jsoup/jsoup/1.14.3/jsoup-1.14.3.jar:/home/max/.m2/repository/org/eclipse/jetty/jetty-client/11.0.4/jetty-client-11.0.4.jar:/home/max/.m2/repository/org/eclipse/jetty/jetty-http/11.0.4/jetty-http-11.0.4.jar:/home/max/.m2/repository/org/eclipse/jetty/jetty-util/11.0.4/jetty-util-11.0.4.jar:/home/max/.m2/repository/org/eclipse/jetty/jetty-io/11.0.4/jetty-io-11.0.4.jar:/home/max/.m2/repository/org/eclipse/jetty/jetty-alpn-client/11.0.4/jetty-alpn-client-11.0.4.jar:/home/max/.m2/repository/org/slf4j/slf4j-api/2.0.0-alpha1/slf4j-api-2.0.0-alpha1.jar:"/>
    <property name="sun.cpu.endian" value="little"/>
    <property name="user.home" value="/home/max"/>
    <property name="user.language" value="en"/>
    <property name="java.specification.vendor" value="Oracle Corporation"/>
    <property name="java.version.date" value="2022-01-18"/>
    <property name="java.home" value="/home/max/.sdkman/candidates/java/17.0.2-open"/>
    <property name="file.separator" value="/"/>
    <property name="basedir" value="/home/max/Dev/Scraping_demos/Jetty_demo"/>
    <property name="java.vm.compressedOopsMode" value="Zero based"/>
    <property name="line.separator" value="&#10;"/>
    <property name="java.vm.specification.vendor" value="Oracle Corporation"/>
    <property name="java.specification.name" value="Java Platform API Specification"/>
    <property name="surefire.real.class.path" value="/home/max/Dev/Scraping_demos/Jetty_demo/target/surefire/surefirebooter13259916978565533810.jar"/>
    <property name="sun.management.compiler" value="HotSpot 64-Bit Tiered Compilers"/>
    <property name="java.runtime.version" value="17.0.2+8-86"/>
    <property name="user.name" value="max"/>
    <property name="path.separator" value=":"/>
    <property name="os.version" value="5.13.0-28-generic"/>
    <property name="java.runtime.name" value="OpenJDK Runtime Environment"/>
    <property name="file.encoding" value="UTF-8"/>
    <property name="java.vm.name" value="OpenJDK 64-Bit Server VM"/>
    <property name="localRepository" value="/home/max/.m2/repository"/>
    <property name="java.vendor.url.bug" value="https://bugreport.java.com/bugreport/"/>
    <property name="java.io.tmpdir" value="/tmp"/>
    <property name="java.version" value="17.0.2"/>
    <property name="user.dir" value="/home/max/Dev/Scraping_demos/Jetty_demo"/>
    <property name="os.arch" value="amd64"/>
    <property name="java.vm.specification.name" value="Java Virtual Machine Specification"/>
    <property name="native.encoding" value="UTF-8"/>
    <property name="java.library.path" value="/usr/java/packages/lib:/usr/lib64:/lib64:/lib:/usr/lib"/>
    <property name="java.vm.info" value="mixed mode, sharing"/>
    <property name="java.vendor" value="Oracle Corporation"/>
    <property name="java.vm.version" value="17.0.2+8-86"/>
    <property name="sun.io.unicode.encoding" value="UnicodeLittle"/>
    <property name="java.class.version" value="61.0"/>
  </properties>
  <testcase name="shouldAnswerWithTrue" classname="com.maxwell.app.AppTest" time="0.001"/>
</testsuite>